<?xml version="1.0" encoding="UTF-8"?>
<!-- Generated by org.testng.reporters.JUnitReportReporter -->
<testsuite hostname="Prashant" failures="0" tests="1" name="testCases.TC004_DeleteEmployeeTest" time="25.481" errors="0" timestamp="2025-08-04T14:51:42 IST" skipped="0">
  <testcase classname="testCases.TC004_DeleteEmployeeTest" name="deleteEmployeeTest" time="25.481"/>
</testsuite> <!-- testCases.TC004_DeleteEmployeeTest -->
