<?xml version="1.0" encoding="UTF-8"?>
<!-- Generated by org.testng.reporters.JUnitReportReporter -->
<testsuite hostname="Prashant" failures="0" tests="1" name="testCases.TC002_AddingNewEmployee" time="14.786" errors="0" timestamp="2025-08-04T14:51:02 IST" skipped="0">
  <testcase classname="testCases.TC002_AddingNewEmployee" name="AddingNewEmployee" time="14.786"/>
</testsuite> <!-- testCases.TC002_AddingNewEmployee -->
