<?xml version="1.0" encoding="UTF-8"?>
<!-- Generated by org.testng.reporters.JUnitReportReporter -->
<testsuite hostname="Prashant" failures="0" tests="1" name="testCases.TC002_AddingNewEmployee" time="7.248" errors="0" timestamp="2025-07-27T23:42:39 IST" skipped="0">
  <testcase classname="testCases.TC002_AddingNewEmployee" name="AddingNewEmployee" time="7.248"/>
</testsuite> <!-- testCases.TC002_AddingNewEmployee -->
