<?xml version="1.0" encoding="UTF-8"?>
<!-- Generated by org.testng.reporters.JUnitReportReporter -->
<testsuite hostname="Prashant" failures="0" tests="1" name="testCases.TC001_LoginTest" time="2.394" errors="0" timestamp="2025-07-26T22:45:12 IST" skipped="0">
  <testcase classname="testCases.TC001_LoginTest" name="Login" time="2.394"/>
</testsuite> <!-- testCases.TC001_LoginTest -->
