<?xml version="1.0" encoding="UTF-8"?>
<!-- Generated by org.testng.reporters.JUnitReportReporter -->
<testsuite hostname="Prashant" failures="0" tests="1" name="testCases.TC003_SearchingEmployeeTest" time="6.279" errors="0" timestamp="2025-07-29T16:09:59 IST" skipped="0">
  <testcase classname="testCases.TC003_SearchingEmployeeTest" name="SearchingEmployee" time="6.279"/>
</testsuite> <!-- testCases.TC003_SearchingEmployeeTest -->
