<?xml version="1.0" encoding="UTF-8"?>
<!-- Generated by org.testng.reporters.JUnitReportReporter -->
<testsuite hostname="Prashant" failures="0" tests="1" name="testCases.TC002_AddingNewEmployee" time="6.846" errors="0" timestamp="2025-07-29T15:56:47 IST" skipped="0">
  <testcase classname="testCases.TC002_AddingNewEmployee" name="AddingNewEmployee" time="6.846"/>
</testsuite> <!-- testCases.TC002_AddingNewEmployee -->
